<?xml version="1.0" encoding="UTF-8"?>
<testng-results ignored="0" total="1" passed="1" failed="0" skipped="0">
  <reporter-output>
  </reporter-output>
  <suite started-at="2024-03-22T16:49:16 IST" name="Suite" finished-at="2024-03-22T16:50:40 IST" duration-ms="84394">
    <groups>
    </groups>
    <test started-at="2024-03-22T16:49:16 IST" name="Test" finished-at="2024-03-22T16:50:40 IST" duration-ms="84394">
      <class name="handleWindowExample.IRCTCAppWindow">
        <test-method is-config="true" signature="launchApp()[pri:0, instance:handleWindowExample.IRCTCAppWindow@39529185]" started-at="2024-03-22T16:49:16 IST" name="launchApp" finished-at="2024-03-22T16:49:28 IST" duration-ms="12382" status="PASS">
          <reporter-output>
          </reporter-output>
        </test-method> <!-- launchApp -->
        <test-method signature="verifyHotelFeature()[pri:0, instance:handleWindowExample.IRCTCAppWindow@39529185]" started-at="2024-03-22T16:49:28 IST" name="verifyHotelFeature" finished-at="2024-03-22T16:50:32 IST" duration-ms="63723" status="PASS">
          <reporter-output>
          </reporter-output>
        </test-method> <!-- verifyHotelFeature -->
        <test-method is-config="true" signature="CloseApp()[pri:0, instance:handleWindowExample.IRCTCAppWindow@39529185]" started-at="2024-03-22T16:50:32 IST" name="CloseApp" finished-at="2024-03-22T16:50:40 IST" duration-ms="8202" status="PASS">
          <reporter-output>
          </reporter-output>
        </test-method> <!-- CloseApp -->
      </class> <!-- handleWindowExample.IRCTCAppWindow -->
    </test> <!-- Test -->
  </suite> <!-- Suite -->
</testng-results>
